<?xml version="1.0" encoding="UTF-8"?>
<!-- Generated by org.testng.reporters.JUnitReportReporter -->
<testsuite skipped="0" hostname="Tarun" name="Practice.TwentysixSeptember" tests="1" failures="0" timestamp="26 Sep 2019 15:15:37 GMT" time="0.022" errors="0">
  <testcase name="compileTimePolymorphism" time="0.022" classname="Practice.TwentysixSeptember"/>
</testsuite> <!-- Practice.TwentysixSeptember -->
