<?xml version="1.0" encoding="UTF-8"?>
<!-- Generated by org.testng.reporters.JUnitReportReporter -->
<testsuite skipped="0" hostname="Tarun" name="Tet.Findelementsmethod" tests="1" failures="0" timestamp="7 Jul 2019 14:04:18 GMT" time="28.998" errors="0">
  <testcase name="testDemo" time="28.998" classname="Tet.Findelementsmethod"/>
</testsuite> <!-- Tet.Findelementsmethod -->
