<?xml version="1.0" encoding="UTF-8"?>
<!-- Generated by org.testng.reporters.JUnitReportReporter -->
<testsuite skipped="0" hostname="Tarun" name="Tet.TestingClass" tests="1" failures="0" timestamp="29 Jun 2019 10:53:17 GMT" time="0.016" errors="0">
  <testcase name="demo1" time="0.016" classname="Tet.TestingClass"/>
</testsuite> <!-- Tet.TestingClass -->
