<?xml version="1.0" encoding="UTF-8"?>
<!-- Generated by org.testng.reporters.JUnitReportReporter -->
<testsuite skipped="0" hostname="Tarun" name="Tet.Actionsclass" tests="1" failures="0" timestamp="29 Jun 2019 16:57:25 GMT" time="23.012" errors="0">
  <testcase name="Actiondemo" time="23.012" classname="Tet.Actionsclass"/>
</testsuite> <!-- Tet.Actionsclass -->
